# JRE version: Java(TM) SE Runtime Environment 18.9 (11.0.14+8) (build 11.0.14+8-LTS-263)
# Java VM: Java HotSpot(TM) 64-Bit Server VM 18.9 (11.0.14+8-LTS-263, mixed mode, tiered, compressed oops, g1 gc, windows-amd64)
Heap:
 garbage-first heap   total 285696K, used 237774K [0x0000000080000000, 0x0000000100000000)
  region size 1024K, 33 young (33792K), 2 survivors (2048K)
 Metaspace       used 113876K, capacity 119707K, committed 119936K, reserved 618496K
  class space    used 15327K, capacity 17430K, committed 17536K, reserved 516096K
GC Heap History (10 events):
Event: 140.187 GC heap after
{Heap after GC invocations=116 (full 0):
 garbage-first heap   total 237568K, used 183543K [0x0000000080000000, 0x0000000100000000)
  region size 1024K, 3 young (3072K), 3 survivors (3072K)
 Metaspace       used 109950K, capacity 115396K, committed 115584K, reserved 616448K
  class space    used 14806K, capacity 16759K, committed 16768K, reserved 516096K
}
Event: 140.369 GC heap before
{Heap before GC invocations=116 (full 0):
 garbage-first heap   total 237568K, used 201975K [0x0000000080000000, 0x0000000100000000)
  region size 1024K, 21 young (21504K), 3 survivors (3072K)
 Metaspace       used 109954K, capacity 115396K, committed 115584K, reserved 616448K
  class space    used 14806K, capacity 16759K, committed 16768K, reserved 516096K
}
Event: 140.376 GC heap after
{Heap after GC invocations=117 (full 0):
 garbage-first heap   total 285696K, used 186473K [0x0000000080000000, 0x0000000100000000)
  region size 1024K, 3 young (3072K), 3 survivors (3072K)
 Metaspace       used 109954K, capacity 115396K, committed 115584K, reserved 616448K
  class space    used 14806K, capacity 16759K, committed 16768K, reserved 516096K
}
Event: 141.124 GC heap before
{Heap before GC invocations=117 (full 0):
 garbage-first heap   total 285696K, used 227433K [0x0000000080000000, 0x0000000100000000)
  region size 1024K, 39 young (39936K), 3 survivors (3072K)
 Metaspace       used 110103K, capacity 115619K, committed 115968K, reserved 616448K
  class space    used 14826K, capacity 16781K, committed 16896K, reserved 516096K
}
Event: 141.132 GC heap after
{Heap after GC invocations=118 (full 0):
 garbage-first heap   total 285696K, used 196064K [0x0000000080000000, 0x0000000100000000)
  region size 1024K, 5 young (5120K), 5 survivors (5120K)
 Metaspace       used 110103K, capacity 115619K, committed 115968K, reserved 616448K
  class space    used 14826K, capacity 16781K, committed 16896K, reserved 516096K
}
Event: 141.836 GC heap before
{Heap before GC invocations=118 (full 0):
 garbage-first heap   total 285696K, used 230880K [0x0000000080000000, 0x0000000100000000)
  region size 1024K, 39 young (39936K), 5 survivors (5120K)
 Metaspace       used 111795K, capacity 117439K, committed 117760K, reserved 618496K
  class space    used 15059K, capacity 17083K, committed 17152K, reserved 516096K
}
Event: 141.843 GC heap after
{Heap after GC invocations=119 (full 0):
 garbage-first heap   total 285696K, used 198817K [0x0000000080000000, 0x0000000100000000)
  region size 1024K, 3 young (3072K), 3 survivors (3072K)
 Metaspace       used 111795K, capacity 117439K, committed 117760K, reserved 618496K
  class space    used 15059K, capacity 17083K, committed 17152K, reserved 516096K
}
Event: 142.930 GC heap before
{Heap before GC invocations=119 (full 0):
 garbage-first heap   total 285696K, used 233633K [0x0000000080000000, 0x0000000100000000)
  region size 1024K, 37 young (37888K), 3 survivors (3072K)
 Metaspace       used 112376K, capacity 118176K, committed 118400K, reserved 618496K
  class space    used 15131K, capacity 17193K, committed 17280K, reserved 516096K
}
Event: 142.936 GC heap after
{Heap after GC invocations=120 (full 0):
 garbage-first heap   total 285696K, used 206030K [0x0000000080000000, 0x0000000100000000)
  region size 1024K, 5 young (5120K), 5 survivors (5120K)
 Metaspace       used 112376K, capacity 118176K, committed 118400K, reserved 618496K
  class space    used 15131K, capacity 17193K, committed 17280K, reserved 516096K
}
Event: 143.559 GC heap before
{Heap before GC invocations=120 (full 0):
 garbage-first heap   total 285696K, used 237774K [0x0000000080000000, 0x0000000100000000)
  region size 1024K, 36 young (36864K), 5 survivors (5120K)
 Metaspace       used 113876K, capacity 119707K, committed 119936K, reserved 618496K
  class space    used 15327K, capacity 17430K, committed 17536K, reserved 516096K
}

