# JRE version: Java(TM) SE Runtime Environment 18.9 (11.0.14+8) (build 11.0.14+8-LTS-263)
# Java VM: Java HotSpot(TM) 64-Bit Server VM 18.9 (11.0.14+8-LTS-263, mixed mode, tiered, compressed oops, g1 gc, windows-amd64)
Heap:
 garbage-first heap   total 400384K, used 298682K [0x0000000080000000, 0x0000000100000000)
  region size 1024K, 6 young (6144K), 5 survivors (5120K)
 Metaspace       used 121822K, capacity 128131K, committed 128208K, reserved 626688K
  class space    used 16172K, capacity 18554K, committed 18560K, reserved 516096K
GC Heap History (10 events):
Event: 142.951 GC heap before
{Heap before GC invocations=122 (full 0):
 garbage-first heap   total 324608K, used 301401K [0x0000000080000000, 0x0000000100000000)
  region size 1024K, 15 young (15360K), 1 survivors (1024K)
 Metaspace       used 121218K, capacity 127482K, committed 127696K, reserved 626688K
  class space    used 16091K, capacity 18462K, committed 18560K, reserved 516096K
}
Event: 142.958 GC heap after
{Heap after GC invocations=123 (full 0):
 garbage-first heap   total 400384K, used 288836K [0x0000000080000000, 0x0000000100000000)
  region size 1024K, 2 young (2048K), 2 survivors (2048K)
 Metaspace       used 121218K, capacity 127482K, committed 127696K, reserved 626688K
  class space    used 16091K, capacity 18462K, committed 18560K, reserved 516096K
}
Event: 143.653 GC heap before
{Heap before GC invocations=123 (full 0):
 garbage-first heap   total 400384K, used 318532K [0x0000000080000000, 0x0000000100000000)
  region size 1024K, 32 young (32768K), 2 survivors (2048K)
 Metaspace       used 121237K, capacity 127558K, committed 127696K, reserved 626688K
  class space    used 16092K, capacity 18464K, committed 18560K, reserved 516096K
}
Event: 143.659 GC heap after
{Heap after GC invocations=124 (full 0):
 garbage-first heap   total 400384K, used 290799K [0x0000000080000000, 0x0000000100000000)
  region size 1024K, 4 young (4096K), 4 survivors (4096K)
 Metaspace       used 121237K, capacity 127558K, committed 127696K, reserved 626688K
  class space    used 16092K, capacity 18464K, committed 18560K, reserved 516096K
}
Event: 144.339 GC heap before
{Heap before GC invocations=125 (full 0):
 garbage-first heap   total 400384K, used 321519K [0x0000000080000000, 0x0000000100000000)
  region size 1024K, 35 young (35840K), 4 survivors (4096K)
 Metaspace       used 121383K, capacity 127666K, committed 127952K, reserved 626688K
  class space    used 16109K, capacity 18487K, committed 18560K, reserved 516096K
}
Event: 144.350 GC heap after
{Heap after GC invocations=126 (full 0):
 garbage-first heap   total 400384K, used 293271K [0x0000000080000000, 0x0000000100000000)
  region size 1024K, 5 young (5120K), 5 survivors (5120K)
 Metaspace       used 121383K, capacity 127666K, committed 127952K, reserved 626688K
  class space    used 16109K, capacity 18487K, committed 18560K, reserved 516096K
}
Event: 144.626 GC heap before
{Heap before GC invocations=126 (full 0):
 garbage-first heap   total 400384K, used 306583K [0x0000000080000000, 0x0000000100000000)
  region size 1024K, 19 young (19456K), 5 survivors (5120K)
 Metaspace       used 121384K, capacity 127666K, committed 127952K, reserved 626688K
  class space    used 16110K, capacity 18487K, committed 18560K, reserved 516096K
}
Event: 144.634 GC heap after
{Heap after GC invocations=127 (full 0):
 garbage-first heap   total 400384K, used 292970K [0x0000000080000000, 0x0000000100000000)
  region size 1024K, 2 young (2048K), 2 survivors (2048K)
 Metaspace       used 121384K, capacity 127666K, committed 127952K, reserved 626688K
  class space    used 16110K, capacity 18487K, committed 18560K, reserved 516096K
}
Event: 145.116 GC heap before
{Heap before GC invocations=127 (full 0):
 garbage-first heap   total 400384K, used 325738K [0x0000000080000000, 0x0000000100000000)
  region size 1024K, 35 young (35840K), 2 survivors (2048K)
 Metaspace       used 121447K, capacity 127830K, committed 127952K, reserved 626688K
  class space    used 16118K, capacity 18520K, committed 18560K, reserved 516096K
}
Event: 145.123 GC heap after
{Heap after GC invocations=128 (full 0):
 garbage-first heap   total 400384K, used 294796K [0x0000000080000000, 0x0000000100000000)
  region size 1024K, 3 young (3072K), 3 survivors (3072K)
 Metaspace       used 121447K, capacity 127830K, committed 127952K, reserved 626688K
  class space    used 16118K, capacity 18520K, committed 18560K, reserved 516096K
}

